<?xml version="1.0" encoding="UTF-8"?>
<testsuite xmlns:xsi="http://www.w3.org/2001/XMLSchema-instance" xsi:noNamespaceSchemaLocation="https://maven.apache.org/surefire/maven-surefire-plugin/xsd/surefire-test-report.xsd" name="TestCalculator" time="0.391" tests="8" errors="0" skipped="0" failures="0">
  <properties>
[...]
</properties>
  <testcase name="PowerFalsePositive" classname="TestCalculator" time="0.348"/>
  <testcase name="NaturalLogTruePositive" classname="TestCalculator" time="0"/>
  <testcase name="SQrootTruePositive" classname="TestCalculator" time="0.005"/>
  <testcase name="factoriaFactorialFalsePositive" classname="TestCalculator" time="0"/>
  <testcase name="PowerTruePositive" classname="TestCalculator" time="0"/>
  <testcase name="SQrootFalsePositive" classname="TestCalculator" time="0.002"/>
  <testcase name="NaturalLogFalsePositive" classname="TestCalculator" time="0"/>
  <testcase name="FactorialTruePositive" classname="TestCalculator" time="0"/>
</testsuite>